20-Oct-2016 00:12:08.818 WARNING [http-nio-8080-exec-9] org.springframework.web.servlet.PageNotFound.noHandlerFound No mapping found for HTTP request with URI [/thrid-web/demo.html] in DispatcherServlet with name 'DispatcherServlet'
20-Oct-2016 00:22:03.250 WARNING [http-nio-8080-exec-6] org.springframework.web.servlet.PageNotFound.noHandlerFound No mapping found for HTTP request with URI [/thrid-web/demo.html] in DispatcherServlet with name 'DispatcherServlet'
20-Oct-2016 00:22:04.642 WARNING [http-nio-8080-exec-3] org.springframework.web.servlet.PageNotFound.noHandlerFound No mapping found for HTTP request with URI [/thrid-web/demo1.html] in DispatcherServlet with name 'DispatcherServlet'
20-Oct-2016 10:39:22.910 INFO [Thread-5] org.apache.coyote.AbstractProtocol.pause Pausing ProtocolHandler ["http-nio-8080"]
20-Oct-2016 10:39:22.989 INFO [Thread-5] org.apache.coyote.AbstractProtocol.pause Pausing ProtocolHandler ["ajp-nio-8009"]
20-Oct-2016 10:39:23.046 INFO [Thread-5] org.apache.catalina.core.StandardService.stopInternal Stopping service Catalina
20-Oct-2016 10:39:23.111 INFO [localhost-startStop-2] org.springframework.web.context.support.XmlWebApplicationContext.doClose Closing WebApplicationContext for namespace 'DispatcherServlet-servlet': startup date [Wed Oct 19 17:23:15 CST 2016]; parent: Root WebApplicationContext
20-Oct-2016 10:39:23.129 INFO [localhost-startStop-2] org.springframework.web.context.support.XmlWebApplicationContext.doClose Closing Root WebApplicationContext: startup date [Wed Oct 19 17:23:14 CST 2016]; root of context hierarchy
20-Oct-2016 10:39:23.205 INFO [Thread-5] org.apache.coyote.AbstractProtocol.stop Stopping ProtocolHandler ["http-nio-8080"]
20-Oct-2016 10:39:23.212 INFO [Thread-5] org.apache.coyote.AbstractProtocol.stop Stopping ProtocolHandler ["ajp-nio-8009"]
20-Oct-2016 10:39:23.218 INFO [Thread-5] org.apache.coyote.AbstractProtocol.destroy Destroying ProtocolHandler ["http-nio-8080"]
20-Oct-2016 10:39:23.220 INFO [Thread-5] org.apache.coyote.AbstractProtocol.destroy Destroying ProtocolHandler ["ajp-nio-8009"]
20-Oct-2016 15:56:37.039 INFO [main] org.apache.catalina.startup.VersionLoggerListener.log Server version:        Apache Tomcat/8.0.35
20-Oct-2016 15:56:37.040 INFO [main] org.apache.catalina.startup.VersionLoggerListener.log Server built:          May 11 2016 21:57:08 UTC
20-Oct-2016 15:56:37.040 INFO [main] org.apache.catalina.startup.VersionLoggerListener.log Server number:         8.0.35.0
20-Oct-2016 15:56:37.040 INFO [main] org.apache.catalina.startup.VersionLoggerListener.log OS Name:               Mac OS X
20-Oct-2016 15:56:37.041 INFO [main] org.apache.catalina.startup.VersionLoggerListener.log OS Version:            10.10.5
20-Oct-2016 15:56:37.041 INFO [main] org.apache.catalina.startup.VersionLoggerListener.log Architecture:          x86_64
20-Oct-2016 15:56:37.041 INFO [main] org.apache.catalina.startup.VersionLoggerListener.log Java Home:             /Library/Java/JavaVirtualMachines/jdk1.8.0_45.jdk/Contents/Home/jre
20-Oct-2016 15:56:37.041 INFO [main] org.apache.catalina.startup.VersionLoggerListener.log JVM Version:           1.8.0_45-b14
20-Oct-2016 15:56:37.041 INFO [main] org.apache.catalina.startup.VersionLoggerListener.log JVM Vendor:            Oracle Corporation
20-Oct-2016 15:56:37.041 INFO [main] org.apache.catalina.startup.VersionLoggerListener.log CATALINA_BASE:         /Users/i076218/Documents/02IDE/apache-tomcat-8.0.35
20-Oct-2016 15:56:37.041 INFO [main] org.apache.catalina.startup.VersionLoggerListener.log CATALINA_HOME:         /Users/i076218/Documents/02IDE/apache-tomcat-8.0.35
20-Oct-2016 15:56:37.042 INFO [main] org.apache.catalina.startup.VersionLoggerListener.log Command line argument: -Djava.util.logging.config.file=/Users/i076218/Documents/02IDE/apache-tomcat-8.0.35/conf/logging.properties
20-Oct-2016 15:56:37.042 INFO [main] org.apache.catalina.startup.VersionLoggerListener.log Command line argument: -Djava.util.logging.manager=org.apache.juli.ClassLoaderLogManager
20-Oct-2016 15:56:37.042 INFO [main] org.apache.catalina.startup.VersionLoggerListener.log Command line argument: -Djdk.tls.ephemeralDHKeySize=2048
20-Oct-2016 15:56:37.042 INFO [main] org.apache.catalina.startup.VersionLoggerListener.log Command line argument: -Djava.endorsed.dirs=/Users/i076218/Documents/02IDE/apache-tomcat-8.0.35/endorsed
20-Oct-2016 15:56:37.042 INFO [main] org.apache.catalina.startup.VersionLoggerListener.log Command line argument: -Dcatalina.base=/Users/i076218/Documents/02IDE/apache-tomcat-8.0.35
20-Oct-2016 15:56:37.042 INFO [main] org.apache.catalina.startup.VersionLoggerListener.log Command line argument: -Dcatalina.home=/Users/i076218/Documents/02IDE/apache-tomcat-8.0.35
20-Oct-2016 15:56:37.042 INFO [main] org.apache.catalina.startup.VersionLoggerListener.log Command line argument: -Djava.io.tmpdir=/Users/i076218/Documents/02IDE/apache-tomcat-8.0.35/temp
20-Oct-2016 15:56:37.042 INFO [main] org.apache.catalina.core.AprLifecycleListener.lifecycleEvent The APR based Apache Tomcat Native library which allows optimal performance in production environments was not found on the java.library.path: /Users/i076218/Library/Java/Extensions:/Library/Java/Extensions:/Network/Library/Java/Extensions:/System/Library/Java/Extensions:/usr/lib/java:.
20-Oct-2016 15:56:37.160 INFO [main] org.apache.coyote.AbstractProtocol.init Initializing ProtocolHandler ["http-nio-8080"]
20-Oct-2016 15:56:37.183 INFO [main] org.apache.tomcat.util.net.NioSelectorPool.getSharedSelector Using a shared selector for servlet write/read
20-Oct-2016 15:56:37.185 INFO [main] org.apache.coyote.AbstractProtocol.init Initializing ProtocolHandler ["ajp-nio-8009"]
20-Oct-2016 15:56:37.186 INFO [main] org.apache.tomcat.util.net.NioSelectorPool.getSharedSelector Using a shared selector for servlet write/read
20-Oct-2016 15:56:37.187 INFO [main] org.apache.catalina.startup.Catalina.load Initialization processed in 514 ms
20-Oct-2016 15:56:37.205 INFO [main] org.apache.catalina.core.StandardService.startInternal Starting service Catalina
20-Oct-2016 15:56:37.205 INFO [main] org.apache.catalina.core.StandardEngine.startInternal Starting Servlet Engine: Apache Tomcat/8.0.35
20-Oct-2016 15:56:38.205 INFO [localhost-startStop-1] org.apache.jasper.servlet.TldScanner.scanJars At least one JAR was scanned for TLDs yet contained no TLDs. Enable debug logging for this logger for a complete list of JARs that were scanned but no TLDs were found in them. Skipping unneeded JARs during scanning can improve startup time and JSP compilation time.
20-Oct-2016 15:56:38.249 INFO [localhost-startStop-1] org.springframework.web.context.ContextLoader.initWebApplicationContext Root WebApplicationContext: initialization started
20-Oct-2016 15:56:38.318 INFO [localhost-startStop-1] org.springframework.web.context.support.XmlWebApplicationContext.prepareRefresh Refreshing Root WebApplicationContext: startup date [Thu Oct 20 15:56:38 CST 2016]; root of context hierarchy
20-Oct-2016 15:56:38.356 INFO [localhost-startStop-1] org.springframework.beans.factory.xml.XmlBeanDefinitionReader.loadBeanDefinitions Loading XML bean definitions from ServletContext resource [/WEB-INF/config/thirdweb-spring.xml]
20-Oct-2016 15:56:38.452 INFO [localhost-startStop-1] org.springframework.beans.factory.xml.XmlBeanDefinitionReader.loadBeanDefinitions Loading XML bean definitions from ServletContext resource [/WEB-INF/config/thirdweb-security.xml]
20-Oct-2016 15:56:38.488 INFO [localhost-startStop-1] org.springframework.security.core.SpringSecurityCoreVersion.performVersionChecks You are running with Spring Security Core 4.1.0.RELEASE
20-Oct-2016 15:56:38.491 WARNING [localhost-startStop-1] org.springframework.security.core.SpringSecurityCoreVersion.performVersionChecks **** You are advised to use Spring 4.2.5.RELEASE or later with this version. You are running: 4.1.6.RELEASE
20-Oct-2016 15:56:38.491 INFO [localhost-startStop-1] org.springframework.security.config.SecurityNamespaceHandler.<init> Spring Security 'config' module version is 4.1.0.RELEASE
20-Oct-2016 15:56:38.549 INFO [localhost-startStop-1] org.springframework.security.config.http.HttpSecurityBeanDefinitionParser.checkFilterChainOrder Checking sorted filter chain: [Root bean: class [org.springframework.security.web.context.SecurityContextPersistenceFilter]; scope=; abstract=false; lazyInit=false; autowireMode=0; dependencyCheck=0; autowireCandidate=true; primary=false; factoryBeanName=null; factoryMethodName=null; initMethodName=null; destroyMethodName=null, order = 200, Root bean: class [org.springframework.security.web.context.request.async.WebAsyncManagerIntegrationFilter]; scope=; abstract=false; lazyInit=false; autowireMode=0; dependencyCheck=0; autowireCandidate=true; primary=false; factoryBeanName=null; factoryMethodName=null; initMethodName=null; destroyMethodName=null, order = 400, Root bean: class [org.springframework.security.web.header.HeaderWriterFilter]; scope=; abstract=false; lazyInit=false; autowireMode=0; dependencyCheck=0; autowireCandidate=true; primary=false; factoryBeanName=null; factoryMethodName=null; initMethodName=null; destroyMethodName=null, order = 500, <org.springframework.security.web.authentication.UsernamePasswordAuthenticationFilter#0>, order = 1100, Root bean: class [org.springframework.security.web.savedrequest.RequestCacheAwareFilter]; scope=; abstract=false; lazyInit=false; autowireMode=0; dependencyCheck=0; autowireCandidate=true; primary=false; factoryBeanName=null; factoryMethodName=null; initMethodName=null; destroyMethodName=null, order = 1600, Root bean: class [org.springframework.security.web.servletapi.SecurityContextHolderAwareRequestFilter]; scope=; abstract=false; lazyInit=false; autowireMode=0; dependencyCheck=0; autowireCandidate=true; primary=false; factoryBeanName=null; factoryMethodName=null; initMethodName=null; destroyMethodName=null, order = 1700, Root bean: class [org.springframework.security.web.authentication.AnonymousAuthenticationFilter]; scope=; abstract=false; lazyInit=false; autowireMode=0; dependencyCheck=0; autowireCandidate=true; primary=false; factoryBeanName=null; factoryMethodName=null; initMethodName=null; destroyMethodName=null, order = 2000, Root bean: class [org.springframework.security.web.session.SessionManagementFilter]; scope=; abstract=false; lazyInit=false; autowireMode=0; dependencyCheck=0; autowireCandidate=true; primary=false; factoryBeanName=null; factoryMethodName=null; initMethodName=null; destroyMethodName=null, order = 2100, Root bean: class [org.springframework.security.web.access.ExceptionTranslationFilter]; scope=; abstract=false; lazyInit=false; autowireMode=0; dependencyCheck=0; autowireCandidate=true; primary=false; factoryBeanName=null; factoryMethodName=null; initMethodName=null; destroyMethodName=null, order = 2200, <org.springframework.security.web.access.intercept.FilterSecurityInterceptor#0>, order = 2300]
20-Oct-2016 15:56:38.554 INFO [localhost-startStop-1] org.springframework.beans.factory.xml.XmlBeanDefinitionReader.loadBeanDefinitions Loading XML bean definitions from ServletContext resource [/WEB-INF/config/thirdweb-filter.xml]
20-Oct-2016 15:56:38.741 INFO [localhost-startStop-1] org.springframework.context.support.PropertySourcesPlaceholderConfigurer.loadProperties Loading properties file from ServletContext resource [/WEB-INF/properties/jdbc.properties]
20-Oct-2016 15:56:38.849 INFO [localhost-startStop-1] org.springframework.security.web.DefaultSecurityFilterChain.<init> Creating filter chain: Ant [pattern='/login'], []
20-Oct-2016 15:56:38.851 INFO [localhost-startStop-1] org.springframework.security.web.DefaultSecurityFilterChain.<init> Creating filter chain: Ant [pattern='/ui/**'], []
20-Oct-2016 15:56:39.268 INFO [localhost-startStop-1] org.springframework.security.web.DefaultSecurityFilterChain.<init> Creating filter chain: org.springframework.security.web.util.matcher.AnyRequestMatcher@1, [org.springframework.security.web.context.SecurityContextPersistenceFilter@6d72f65, org.springframework.security.web.context.request.async.WebAsyncManagerIntegrationFilter@794570c2, org.springframework.security.web.header.HeaderWriterFilter@78a1d9c5, org.springframework.security.web.authentication.UsernamePasswordAuthenticationFilter@4b15c37b, org.springframework.security.web.savedrequest.RequestCacheAwareFilter@7406617b, org.springframework.security.web.servletapi.SecurityContextHolderAwareRequestFilter@2697dc59, org.springframework.security.web.authentication.AnonymousAuthenticationFilter@508e56bf, org.springframework.security.web.session.SessionManagementFilter@356559ce, org.springframework.security.web.access.ExceptionTranslationFilter@72afeba0, org.springframework.security.web.access.intercept.FilterSecurityInterceptor@6ac294b8]
20-Oct-2016 15:56:39.281 INFO [localhost-startStop-1] org.springframework.security.config.http.DefaultFilterChainValidator.checkLoginPageIsntProtected Checking whether login URL '/login' is accessible with your configuration
20-Oct-2016 15:56:39.340 INFO [localhost-startStop-1] org.springframework.web.context.ContextLoader.initWebApplicationContext Root WebApplicationContext: initialization completed in 1091 ms
20-Oct-2016 15:56:39.374 INFO [localhost-startStop-1] org.springframework.web.servlet.DispatcherServlet.initServletBean FrameworkServlet 'DispatcherServlet': initialization started
20-Oct-2016 15:56:39.377 INFO [localhost-startStop-1] org.springframework.web.context.support.XmlWebApplicationContext.prepareRefresh Refreshing WebApplicationContext for namespace 'DispatcherServlet-servlet': startup date [Thu Oct 20 15:56:39 CST 2016]; parent: Root WebApplicationContext
20-Oct-2016 15:56:39.378 INFO [localhost-startStop-1] org.springframework.beans.factory.xml.XmlBeanDefinitionReader.loadBeanDefinitions Loading XML bean definitions from ServletContext resource [/WEB-INF/config/thirdweb-filter.xml]
20-Oct-2016 15:56:39.411 INFO [localhost-startStop-1] org.springframework.context.support.PropertySourcesPlaceholderConfigurer.loadProperties Loading properties file from ServletContext resource [/WEB-INF/properties/jdbc.properties]
20-Oct-2016 15:56:39.482 INFO [localhost-startStop-1] org.springframework.web.servlet.mvc.annotation.DefaultAnnotationHandlerMapping.registerHandler Mapped URL path [/p] onto handler 'firstController'
20-Oct-2016 15:56:39.482 INFO [localhost-startStop-1] org.springframework.web.servlet.mvc.annotation.DefaultAnnotationHandlerMapping.registerHandler Mapped URL path [/p.*] onto handler 'firstController'
20-Oct-2016 15:56:39.482 INFO [localhost-startStop-1] org.springframework.web.servlet.mvc.annotation.DefaultAnnotationHandlerMapping.registerHandler Mapped URL path [/p/] onto handler 'firstController'
20-Oct-2016 15:56:39.482 INFO [localhost-startStop-1] org.springframework.web.servlet.mvc.annotation.DefaultAnnotationHandlerMapping.registerHandler Mapped URL path [/login] onto handler 'loginPageController'
20-Oct-2016 15:56:39.483 INFO [localhost-startStop-1] org.springframework.web.servlet.mvc.annotation.DefaultAnnotationHandlerMapping.registerHandler Mapped URL path [/login.*] onto handler 'loginPageController'
20-Oct-2016 15:56:39.483 INFO [localhost-startStop-1] org.springframework.web.servlet.mvc.annotation.DefaultAnnotationHandlerMapping.registerHandler Mapped URL path [/login/] onto handler 'loginPageController'
20-Oct-2016 15:56:39.603 INFO [localhost-startStop-1] org.springframework.web.servlet.DispatcherServlet.initServletBean FrameworkServlet 'DispatcherServlet': initialization completed in 229 ms
20-Oct-2016 15:56:39.615 INFO [localhost-startStop-1] org.apache.catalina.startup.HostConfig.deployDirectory Deploying web application directory /Users/i076218/Documents/02IDE/apache-tomcat-8.0.35/webapps/docs
20-Oct-2016 15:56:39.630 INFO [localhost-startStop-1] org.apache.catalina.startup.HostConfig.deployDirectory Deployment of web application directory /Users/i076218/Documents/02IDE/apache-tomcat-8.0.35/webapps/docs has finished in 15 ms
20-Oct-2016 15:56:39.630 INFO [localhost-startStop-1] org.apache.catalina.startup.HostConfig.deployDirectory Deploying web application directory /Users/i076218/Documents/02IDE/apache-tomcat-8.0.35/webapps/examples
20-Oct-2016 15:56:39.797 INFO [localhost-startStop-1] org.apache.catalina.startup.HostConfig.deployDirectory Deployment of web application directory /Users/i076218/Documents/02IDE/apache-tomcat-8.0.35/webapps/examples has finished in 167 ms
20-Oct-2016 15:56:39.797 INFO [localhost-startStop-1] org.apache.catalina.startup.HostConfig.deployDirectory Deploying web application directory /Users/i076218/Documents/02IDE/apache-tomcat-8.0.35/webapps/host-manager
20-Oct-2016 15:56:39.812 INFO [localhost-startStop-1] org.apache.catalina.startup.HostConfig.deployDirectory Deployment of web application directory /Users/i076218/Documents/02IDE/apache-tomcat-8.0.35/webapps/host-manager has finished in 14 ms
20-Oct-2016 15:56:39.812 INFO [localhost-startStop-1] org.apache.catalina.startup.HostConfig.deployDirectory Deploying web application directory /Users/i076218/Documents/02IDE/apache-tomcat-8.0.35/webapps/manager
20-Oct-2016 15:56:39.825 INFO [localhost-startStop-1] org.apache.catalina.startup.HostConfig.deployDirectory Deployment of web application directory /Users/i076218/Documents/02IDE/apache-tomcat-8.0.35/webapps/manager has finished in 13 ms
20-Oct-2016 15:56:39.826 INFO [localhost-startStop-1] org.apache.catalina.startup.HostConfig.deployDirectory Deploying web application directory /Users/i076218/Documents/02IDE/apache-tomcat-8.0.35/webapps/ROOT
20-Oct-2016 15:56:39.836 INFO [localhost-startStop-1] org.apache.catalina.startup.HostConfig.deployDirectory Deployment of web application directory /Users/i076218/Documents/02IDE/apache-tomcat-8.0.35/webapps/ROOT has finished in 11 ms
20-Oct-2016 15:56:39.839 INFO [main] org.apache.coyote.AbstractProtocol.start Starting ProtocolHandler ["http-nio-8080"]
20-Oct-2016 15:56:39.844 INFO [main] org.apache.coyote.AbstractProtocol.start Starting ProtocolHandler ["ajp-nio-8009"]
20-Oct-2016 15:56:39.844 INFO [main] org.apache.catalina.startup.Catalina.start Server startup in 2657 ms
20-Oct-2016 20:50:49.763 WARNING [http-nio-8080-exec-10] org.springframework.web.servlet.PageNotFound.noHandlerFound No mapping found for HTTP request with URI [/thrid-web/WEB-INF/views/pages/menu.html] in DispatcherServlet with name 'DispatcherServlet'
20-Oct-2016 20:53:31.486 WARNING [http-nio-8080-exec-10] org.springframework.web.servlet.PageNotFound.noHandlerFound No mapping found for HTTP request with URI [/thrid-web/WEB-INF/views/pages/menu.html] in DispatcherServlet with name 'DispatcherServlet'
