12-Oct-2016 09:21:40.133 INFO [ContainerBackgroundProcessor[StandardEngine[Catalina]]] org.apache.catalina.startup.HostConfig.undeploy Undeploying context [/thrid-web]
12-Oct-2016 09:21:40.137 INFO [ContainerBackgroundProcessor[StandardEngine[Catalina]]] org.springframework.web.context.support.XmlWebApplicationContext.doClose Closing WebApplicationContext for namespace 'spring-servlet': startup date [Tue Oct 11 23:49:31 CST 2016]; parent: Root WebApplicationContext
12-Oct-2016 09:21:40.146 INFO [ContainerBackgroundProcessor[StandardEngine[Catalina]]] org.springframework.web.context.support.XmlWebApplicationContext.doClose Closing Root WebApplicationContext: startup date [Tue Oct 11 23:49:30 CST 2016]; root of context hierarchy
12-Oct-2016 09:21:40.174 WARNING [ContainerBackgroundProcessor[StandardEngine[Catalina]]] org.apache.catalina.loader.WebappClassLoaderBase.clearReferencesJdbc The web application [thrid-web] registered the JDBC driver [com.mysql.jdbc.Driver] but failed to unregister it when the web application was stopped. To prevent a memory leak, the JDBC Driver has been forcibly unregistered.
12-Oct-2016 09:21:40.193 INFO [localhost-startStop-2] org.apache.catalina.startup.HostConfig.deployWAR Deploying web application archive /Users/i076218/Documents/02IDE/apache-tomcat-8.0.35/webapps/thrid-web.war
12-Oct-2016 09:21:41.254 INFO [localhost-startStop-2] org.springframework.web.context.ContextLoader.initWebApplicationContext Root WebApplicationContext: initialization started
12-Oct-2016 09:21:41.325 INFO [localhost-startStop-2] org.springframework.web.context.support.XmlWebApplicationContext.prepareRefresh Refreshing Root WebApplicationContext: startup date [Wed Oct 12 09:21:41 CST 2016]; root of context hierarchy
12-Oct-2016 09:21:41.359 INFO [localhost-startStop-2] org.springframework.beans.factory.xml.XmlBeanDefinitionReader.loadBeanDefinitions Loading XML bean definitions from ServletContext resource [/WEB-INF/config/thirdweb-filter.xml]
12-Oct-2016 09:21:41.551 INFO [localhost-startStop-2] org.springframework.context.support.PropertySourcesPlaceholderConfigurer.loadProperties Loading properties file from ServletContext resource [/WEB-INF/properties/jdbc.properties]
12-Oct-2016 09:21:41.801 INFO [localhost-startStop-2] org.springframework.web.context.ContextLoader.initWebApplicationContext Root WebApplicationContext: initialization completed in 547 ms
12-Oct-2016 09:21:41.818 INFO [localhost-startStop-2] org.springframework.web.servlet.DispatcherServlet.initServletBean FrameworkServlet 'spring': initialization started
12-Oct-2016 09:21:41.820 INFO [localhost-startStop-2] org.springframework.web.context.support.XmlWebApplicationContext.prepareRefresh Refreshing WebApplicationContext for namespace 'spring-servlet': startup date [Wed Oct 12 09:21:41 CST 2016]; parent: Root WebApplicationContext
12-Oct-2016 09:21:41.820 INFO [localhost-startStop-2] org.springframework.beans.factory.xml.XmlBeanDefinitionReader.loadBeanDefinitions Loading XML bean definitions from ServletContext resource [/WEB-INF/config/thirdweb-filter.xml]
12-Oct-2016 09:21:41.846 INFO [localhost-startStop-2] org.springframework.context.support.PropertySourcesPlaceholderConfigurer.loadProperties Loading properties file from ServletContext resource [/WEB-INF/properties/jdbc.properties]
12-Oct-2016 09:21:41.901 INFO [localhost-startStop-2] org.springframework.web.servlet.mvc.annotation.DefaultAnnotationHandlerMapping.registerHandler Mapped URL path [/p] onto handler 'firstController'
12-Oct-2016 09:21:41.901 INFO [localhost-startStop-2] org.springframework.web.servlet.mvc.annotation.DefaultAnnotationHandlerMapping.registerHandler Mapped URL path [/p.*] onto handler 'firstController'
12-Oct-2016 09:21:41.901 INFO [localhost-startStop-2] org.springframework.web.servlet.mvc.annotation.DefaultAnnotationHandlerMapping.registerHandler Mapped URL path [/p/] onto handler 'firstController'
12-Oct-2016 09:21:41.955 INFO [localhost-startStop-2] org.springframework.web.servlet.DispatcherServlet.initServletBean FrameworkServlet 'spring': initialization completed in 137 ms
12-Oct-2016 09:21:41.957 INFO [localhost-startStop-2] org.apache.catalina.startup.HostConfig.deployWAR Deployment of web application archive /Users/i076218/Documents/02IDE/apache-tomcat-8.0.35/webapps/thrid-web.war has finished in 1,764 ms
12-Oct-2016 12:59:18.392 INFO [Thread-5] org.apache.coyote.AbstractProtocol.pause Pausing ProtocolHandler ["http-nio-8080"]
12-Oct-2016 12:59:18.449 INFO [Thread-5] org.apache.coyote.AbstractProtocol.pause Pausing ProtocolHandler ["ajp-nio-8009"]
12-Oct-2016 12:59:18.503 INFO [Thread-5] org.apache.catalina.core.StandardService.stopInternal Stopping service Catalina
12-Oct-2016 12:59:18.508 INFO [localhost-startStop-3] org.springframework.web.context.support.XmlWebApplicationContext.doClose Closing WebApplicationContext for namespace 'spring-servlet': startup date [Wed Oct 12 09:21:41 CST 2016]; parent: Root WebApplicationContext
12-Oct-2016 12:59:18.511 INFO [localhost-startStop-3] org.springframework.web.context.support.XmlWebApplicationContext.doClose Closing Root WebApplicationContext: startup date [Wed Oct 12 09:21:41 CST 2016]; root of context hierarchy
12-Oct-2016 12:59:18.534 WARNING [localhost-startStop-3] org.apache.catalina.loader.WebappClassLoaderBase.clearReferencesJdbc The web application [thrid-web] registered the JDBC driver [com.mysql.jdbc.Driver] but failed to unregister it when the web application was stopped. To prevent a memory leak, the JDBC Driver has been forcibly unregistered.
12-Oct-2016 12:59:18.545 INFO [Thread-5] org.apache.coyote.AbstractProtocol.stop Stopping ProtocolHandler ["http-nio-8080"]
12-Oct-2016 12:59:18.547 INFO [Thread-5] org.apache.coyote.AbstractProtocol.stop Stopping ProtocolHandler ["ajp-nio-8009"]
12-Oct-2016 12:59:18.548 INFO [Thread-5] org.apache.coyote.AbstractProtocol.destroy Destroying ProtocolHandler ["http-nio-8080"]
12-Oct-2016 12:59:18.549 INFO [Thread-5] org.apache.coyote.AbstractProtocol.destroy Destroying ProtocolHandler ["ajp-nio-8009"]
